<?xml version="1.0" encoding="UTF-8"?>
<!-- Generated by org.testng.reporters.JUnitReportReporter -->
<testsuite skipped="0" hostname="DESKTOP-PTK9AB3" name="TestRunner" tests="4" failures="0" timestamp="2023-02-26T19:36:21 EST" time="62.742" errors="0">
  <testcase name="runScenario" time="34.383" classname="TestRunner"/>
  <system-out/>
  <testcase name="runScenario" time="8.688" classname="TestRunner"/>
  <system-out/>
  <testcase name="runScenario" time="10.045" classname="TestRunner"/>
  <system-out/>
  <testcase name="runScenario" time="9.626" classname="TestRunner"/>
  <system-out/>
</testsuite> <!-- TestRunner -->
